<?xml version="1.0" encoding="UTF-8"?>
<!-- Generated by org.testng.reporters.JUnitXMLReporter -->
<testsuite ignored="0" hostname="del1-lhp-n82076" failures="0" tests="3" name="Default test" time="29.09" errors="0" timestamp="2022-07-20T09:49:31 IST">
  <testcase classname="orgHRMassesment.orglogin" name="loginSetup" time="11.471"/>
  <testcase classname="orgHRMassesment.orglogin" name="loginSetup" time="4.572"/>
  <testcase classname="orgHRMassesment.orglogin" name="loginSetup" time="4.332"/>
</testsuite> <!-- Default test -->
