<?xml version="1.0" encoding="UTF-8"?>
<!-- Generated by org.testng.reporters.JUnitXMLReporter -->
<testsuite ignored="0" hostname="del1-lhp-n82076" failures="0" tests="3" name="Test2" time="28.547" errors="0" timestamp="2022-07-20T01:10:38 IST">
  <testcase classname="orgHRMassesment.orglogin" name="loginSetup" time="13.693"/>
  <testcase classname="orgHRMassesment.orglogin" name="loginSetup" time="4.761"/>
  <testcase classname="orgHRMassesment.orglogin" name="loginSetup" time="4.31"/>
</testsuite> <!-- Test2 -->
