<?xml version="1.0" encoding="UTF-8"?>
<!-- Generated by org.testng.reporters.JUnitXMLReporter -->
<testsuite ignored="0" hostname="del1-lhp-n82076" failures="0" tests="4" name="Test" time="50.296" errors="0" timestamp="2022-07-20T01:04:47 IST">
  <testcase classname="orgHRMassesment.orangetest" name="logintest" time="23.704"/>
  <testcase classname="orgHRMassesment.orglogin" name="loginSetup" time="11.223"/>
  <testcase classname="orgHRMassesment.orglogin" name="loginSetup" time="4.54"/>
  <testcase classname="orgHRMassesment.orglogin" name="loginSetup" time="4.315"/>
</testsuite> <!-- Test -->
